c:\users\nepenthe\documents\visual studio 2013\projects\sdl first try 2015 - july 10\sdl first try 2015 - july 10\debug\vc120.pdb
c:\users\nepenthe\documents\visual studio 2013\projects\sdl first try 2015 - july 10\sdl first try 2015 - july 10\debug\vc120.idb
c:\users\nepenthe\documents\visual studio 2013\projects\sdl first try 2015 - july 10\sdl first try 2015 - july 10\debug\main.obj
c:\users\nepenthe\documents\visual studio 2013\projects\sdl first try 2015 - july 10\sdl first try 2015 - july 10\debug\enginewindow.obj
c:\users\nepenthe\documents\visual studio 2013\projects\sdl first try 2015 - july 10\sdl first try 2015 - july 10\debug\enginerenderer.obj
c:\users\nepenthe\documents\visual studio 2013\projects\sdl first try 2015 - july 10\sdl first try 2015 - july 10\debug\texture.obj
c:\users\nepenthe\documents\visual studio 2013\projects\sdl first try 2015 - july 10\sdl first try 2015 - july 10\debug\event.obj
c:\users\nepenthe\documents\visual studio 2013\projects\sdl first try 2015 - july 10\sdl first try 2015 - july 10\debug\engineobject.obj
c:\users\nepenthe\documents\visual studio 2013\projects\sdl first try 2015 - july 10\sdl first try 2015 - july 10\debug\enginemath.obj
c:\users\nepenthe\documents\visual studio 2013\projects\sdl first try 2015 - july 10\sdl first try 2015 - july 10\debug\enginetimer.obj
c:\users\nepenthe\documents\visual studio 2013\projects\sdl first try 2015 - july 10\sdl first try 2015 - july 10\debug\enginefont.obj
c:\users\nepenthe\documents\visual studio 2013\projects\sdl first try 2015 - july 10\sdl first try 2015 - july 10\debug\enginecolor.obj
c:\users\nepenthe\documents\visual studio 2013\projects\sdl first try 2015 - july 10\sdl first try 2015 - july 10\debug\enginepolygon.obj
c:\users\nepenthe\documents\visual studio 2013\projects\sdl first try 2015 - july 10\sdl first try 2015 - july 10\debug\engineshape.obj
c:\users\nepenthe\documents\visual studio 2013\projects\sdl first try 2015 - july 10\sdl first try 2015 - july 10\debug\enginecollider.obj
c:\users\nepenthe\documents\visual studio 2013\projects\sdl first try 2015 - july 10\sdl first try 2015 - july 10\debug\enginecircle.obj
c:\users\nepenthe\documents\visual studio 2013\projects\sdl first try 2015 - july 10\sdl first try 2015 - july 10\debug\enginephysics.obj
c:\users\nepenthe\documents\visual studio 2013\projects\sdl first try 2015 - july 10\debug\sdl first try 2015 - july 10.ilk
c:\users\nepenthe\documents\visual studio 2013\projects\sdl first try 2015 - july 10\debug\sdl first try 2015 - july 10.exe
c:\users\nepenthe\documents\visual studio 2013\projects\sdl first try 2015 - july 10\debug\sdl first try 2015 - july 10.pdb
c:\users\nepenthe\documents\visual studio 2013\projects\sdl first try 2015 - july 10\sdl first try 2015 - july 10\debug\sdl first try 2015 - july 10.res
c:\users\nepenthe\documents\visual studio 2013\projects\sdl first try 2015 - july 10\sdl first try 2015 - july 10\debug\sdl firs.9ba76260.tlog\cl.command.1.tlog
c:\users\nepenthe\documents\visual studio 2013\projects\sdl first try 2015 - july 10\sdl first try 2015 - july 10\debug\sdl firs.9ba76260.tlog\cl.read.1.tlog
c:\users\nepenthe\documents\visual studio 2013\projects\sdl first try 2015 - july 10\sdl first try 2015 - july 10\debug\sdl firs.9ba76260.tlog\cl.write.1.tlog
c:\users\nepenthe\documents\visual studio 2013\projects\sdl first try 2015 - july 10\sdl first try 2015 - july 10\debug\sdl firs.9ba76260.tlog\link.command.1.tlog
c:\users\nepenthe\documents\visual studio 2013\projects\sdl first try 2015 - july 10\sdl first try 2015 - july 10\debug\sdl firs.9ba76260.tlog\link.read.1.tlog
c:\users\nepenthe\documents\visual studio 2013\projects\sdl first try 2015 - july 10\sdl first try 2015 - july 10\debug\sdl firs.9ba76260.tlog\link.write.1.tlog
c:\users\nepenthe\documents\visual studio 2013\projects\sdl first try 2015 - july 10\sdl first try 2015 - july 10\debug\sdl firs.9ba76260.tlog\rc.command.1.tlog
c:\users\nepenthe\documents\visual studio 2013\projects\sdl first try 2015 - july 10\sdl first try 2015 - july 10\debug\sdl firs.9ba76260.tlog\rc.read.1.tlog
c:\users\nepenthe\documents\visual studio 2013\projects\sdl first try 2015 - july 10\sdl first try 2015 - july 10\debug\sdl firs.9ba76260.tlog\rc.write.1.tlog
